<?xml version="1.0" encoding="UTF-8"?>
<testng-results ignored="0" total="1" passed="1" failed="0" skipped="0">
  <reporter-output>
  </reporter-output>
  <suite started-at="2020-10-05T08:38:19 IST" name="Default suite" finished-at="2020-10-05T08:38:20 IST" duration-ms="752">
    <groups>
    </groups>
    <test started-at="2020-10-05T08:38:19 IST" name="Default test" finished-at="2020-10-05T08:38:20 IST" duration-ms="752">
      <class name="qaclickacademy.ExtentReportSemo">
        <test-method is-config="true" signature="config()[pri:0, instance:qaclickacademy.ExtentReportSemo@45018215]" started-at="2020-10-05T08:38:19 IST" name="config" finished-at="2020-10-05T08:38:19 IST" duration-ms="303" status="PASS">
          <reporter-output>
          </reporter-output>
        </test-method> <!-- config -->
        <test-method signature="initialDemo()[pri:0, instance:qaclickacademy.ExtentReportSemo@45018215]" started-at="2020-10-05T08:38:19 IST" name="initialDemo" finished-at="2020-10-05T08:38:20 IST" duration-ms="420" status="PASS">
          <reporter-output>
          </reporter-output>
        </test-method> <!-- initialDemo -->
      </class> <!-- qaclickacademy.ExtentReportSemo -->
    </test> <!-- Default test -->
  </suite> <!-- Default suite -->
</testng-results>
